2020-04-09 01:37:36 [main] INFO  c.n.url_shortner.URLShortnerStarter - Starting URLShortnerStarter on Leos-MacBook-Pro-4.local with PID 36796 (/Users/leoananth/Desktop/STS_Workspace/URL_Shortner/target/classes started by leoananth in /Users/leoananth/Desktop/STS_Workspace/URL_Shortner)
2020-04-09 01:37:36 [main] INFO  c.n.url_shortner.URLShortnerStarter - No active profile set, falling back to default profiles: default
2020-04-09 01:37:36 [main] INFO  o.s.b.w.s.c.AnnotationConfigServletWebServerApplicationContext - Refreshing org.springframework.boot.web.servlet.context.AnnotationConfigServletWebServerApplicationContext@76908cc0: startup date [Thu Apr 09 01:37:36 IST 2020]; root of context hierarchy
2020-04-09 01:37:36 [main] INFO  o.s.b.w.e.tomcat.TomcatWebServer - Tomcat initialized with port(s): 8085 (http)
2020-04-09 01:37:36 [main] INFO  o.a.catalina.core.StandardService - Starting service [Tomcat]
2020-04-09 01:37:36 [main] INFO  o.a.catalina.core.StandardEngine - Starting Servlet Engine: Apache Tomcat/8.5.32
2020-04-09 01:37:36 [localhost-startStop-1] INFO  o.a.c.core.AprLifecycleListener - The APR based Apache Tomcat Native library which allows optimal performance in production environments was not found on the java.library.path: [/Users/leoananth/Library/Java/Extensions:/Library/Java/Extensions:/Network/Library/Java/Extensions:/System/Library/Java/Extensions:/usr/lib/java:.]
2020-04-09 01:37:37 [localhost-startStop-1] INFO  o.a.c.c.C.[Tomcat].[localhost].[/] - Initializing Spring embedded WebApplicationContext
2020-04-09 01:37:37 [localhost-startStop-1] INFO  o.s.b.w.s.ServletRegistrationBean - Servlet dispatcherServlet mapped to [/]
2020-04-09 01:37:37 [localhost-startStop-1] INFO  o.s.b.w.s.FilterRegistrationBean - Mapping filter: 'characterEncodingFilter' to: [/*]
2020-04-09 01:37:37 [localhost-startStop-1] INFO  o.s.b.w.s.FilterRegistrationBean - Mapping filter: 'hiddenHttpMethodFilter' to: [/*]
2020-04-09 01:37:37 [localhost-startStop-1] INFO  o.s.b.w.s.FilterRegistrationBean - Mapping filter: 'httpPutFormContentFilter' to: [/*]
2020-04-09 01:37:37 [localhost-startStop-1] INFO  o.s.b.w.s.FilterRegistrationBean - Mapping filter: 'requestContextFilter' to: [/*]
2020-04-09 01:37:37 [main] INFO  s.d.s.w.PropertySourcedRequestMappingHandlerMapping - Mapped URL path [/v2/api-docs] onto method [public org.springframework.http.ResponseEntity<springfox.documentation.spring.web.json.Json> springfox.documentation.swagger2.web.Swagger2Controller.getDocumentation(java.lang.String,javax.servlet.http.HttpServletRequest)]
2020-04-09 01:37:37 [main] INFO  o.s.b.a.w.s.WelcomePageHandlerMapping - Adding welcome page template: index
2020-04-09 01:37:37 [main] INFO  o.s.j.e.a.AnnotationMBeanExporter - Registering beans for JMX exposure on startup
2020-04-09 01:37:37 [main] INFO  o.s.c.s.DefaultLifecycleProcessor - Starting beans in phase 2147483647
2020-04-09 01:37:37 [main] INFO  s.d.s.w.p.DocumentationPluginsBootstrapper - Context refreshed
2020-04-09 01:37:37 [main] INFO  s.d.s.w.p.DocumentationPluginsBootstrapper - Found 1 custom documentation plugin(s)
2020-04-09 01:37:37 [main] INFO  s.d.s.w.s.ApiListingReferenceScanner - Scanning for api listing references
2020-04-09 01:37:37 [main] INFO  o.s.b.w.e.tomcat.TomcatWebServer - Tomcat started on port(s): 8085 (http) with context path ''
2020-04-09 01:37:37 [main] INFO  c.n.url_shortner.URLShortnerStarter - Started URLShortnerStarter in 1.803 seconds (JVM running for 2.188)
2020-04-09 01:37:45 [http-nio-8085-exec-1] INFO  o.a.c.c.C.[Tomcat].[localhost].[/] - Initializing Spring FrameworkServlet 'dispatcherServlet'
2020-04-09 01:37:49 [http-nio-8085-exec-5] DEBUG c.n.c.ShortURLRestapiController - +++++++++++++ Create Short URL API has been triggered ++++++++++
2020-04-09 01:37:49 [http-nio-8085-exec-5] DEBUG c.n.c.ShortURLRestapiController - ********** Short URL Got created ************http://localhost:8085/s/5Zxr9
2020-04-09 01:37:50 [http-nio-8085-exec-6] DEBUG c.n.c.ShortURLRestapiController - ------------------- Returning all urls stored in the hashmap ----------
2020-04-09 01:38:19 [RMI TCP Connection(2)-127.0.0.1] INFO  o.s.b.a.SpringApplicationAdminMXBeanRegistrar$SpringApplicationAdmin - Application shutdown requested.
2020-04-09 01:38:19 [RMI TCP Connection(2)-127.0.0.1] INFO  o.s.b.w.s.c.AnnotationConfigServletWebServerApplicationContext - Closing org.springframework.boot.web.servlet.context.AnnotationConfigServletWebServerApplicationContext@76908cc0: startup date [Thu Apr 09 01:37:36 IST 2020]; root of context hierarchy
2020-04-09 01:38:19 [RMI TCP Connection(2)-127.0.0.1] INFO  o.s.c.s.DefaultLifecycleProcessor - Stopping beans in phase 2147483647
2020-04-09 01:38:19 [RMI TCP Connection(2)-127.0.0.1] INFO  o.s.j.e.a.AnnotationMBeanExporter - Unregistering JMX-exposed beans on shutdown
2020-04-09 01:52:39 [main] INFO  c.n.url_shortner.URLShortnerStarter - Starting URLShortnerStarter on Leos-MacBook-Pro-4.local with PID 37002 (/Users/leoananth/Desktop/STS_Workspace/URL_Shortner/target/classes started by leoananth in /Users/leoananth/Desktop/STS_Workspace/URL_Shortner)
2020-04-09 01:52:39 [main] INFO  c.n.url_shortner.URLShortnerStarter - No active profile set, falling back to default profiles: default
2020-04-09 01:52:39 [main] INFO  o.s.b.w.s.c.AnnotationConfigServletWebServerApplicationContext - Refreshing org.springframework.boot.web.servlet.context.AnnotationConfigServletWebServerApplicationContext@4386f16: startup date [Thu Apr 09 01:52:39 IST 2020]; root of context hierarchy
2020-04-09 01:52:40 [main] INFO  o.s.b.w.e.tomcat.TomcatWebServer - Tomcat initialized with port(s): 8085 (http)
2020-04-09 01:52:40 [main] INFO  o.a.catalina.core.StandardService - Starting service [Tomcat]
2020-04-09 01:52:40 [main] INFO  o.a.catalina.core.StandardEngine - Starting Servlet Engine: Apache Tomcat/8.5.32
2020-04-09 01:52:40 [localhost-startStop-1] INFO  o.a.c.core.AprLifecycleListener - The APR based Apache Tomcat Native library which allows optimal performance in production environments was not found on the java.library.path: [/Users/leoananth/Library/Java/Extensions:/Library/Java/Extensions:/Network/Library/Java/Extensions:/System/Library/Java/Extensions:/usr/lib/java:.]
2020-04-09 01:52:40 [localhost-startStop-1] INFO  o.a.c.c.C.[Tomcat].[localhost].[/] - Initializing Spring embedded WebApplicationContext
2020-04-09 01:52:40 [localhost-startStop-1] INFO  o.s.b.w.s.ServletRegistrationBean - Servlet dispatcherServlet mapped to [/]
2020-04-09 01:52:40 [localhost-startStop-1] INFO  o.s.b.w.s.FilterRegistrationBean - Mapping filter: 'characterEncodingFilter' to: [/*]
2020-04-09 01:52:40 [localhost-startStop-1] INFO  o.s.b.w.s.FilterRegistrationBean - Mapping filter: 'hiddenHttpMethodFilter' to: [/*]
2020-04-09 01:52:40 [localhost-startStop-1] INFO  o.s.b.w.s.FilterRegistrationBean - Mapping filter: 'httpPutFormContentFilter' to: [/*]
2020-04-09 01:52:40 [localhost-startStop-1] INFO  o.s.b.w.s.FilterRegistrationBean - Mapping filter: 'requestContextFilter' to: [/*]
2020-04-09 01:52:40 [main] INFO  s.d.s.w.PropertySourcedRequestMappingHandlerMapping - Mapped URL path [/v2/api-docs] onto method [public org.springframework.http.ResponseEntity<springfox.documentation.spring.web.json.Json> springfox.documentation.swagger2.web.Swagger2Controller.getDocumentation(java.lang.String,javax.servlet.http.HttpServletRequest)]
2020-04-09 01:52:41 [main] INFO  o.s.b.a.w.s.WelcomePageHandlerMapping - Adding welcome page template: index
2020-04-09 01:52:41 [main] INFO  o.s.j.e.a.AnnotationMBeanExporter - Registering beans for JMX exposure on startup
2020-04-09 01:52:41 [main] INFO  o.s.c.s.DefaultLifecycleProcessor - Starting beans in phase 2147483647
2020-04-09 01:52:41 [main] INFO  s.d.s.w.p.DocumentationPluginsBootstrapper - Context refreshed
2020-04-09 01:52:41 [main] INFO  s.d.s.w.p.DocumentationPluginsBootstrapper - Found 1 custom documentation plugin(s)
2020-04-09 01:52:41 [main] INFO  s.d.s.w.s.ApiListingReferenceScanner - Scanning for api listing references
2020-04-09 01:52:41 [main] INFO  o.s.b.w.e.tomcat.TomcatWebServer - Tomcat started on port(s): 8085 (http) with context path ''
2020-04-09 01:52:41 [main] INFO  c.n.url_shortner.URLShortnerStarter - Started URLShortnerStarter in 1.813 seconds (JVM running for 2.183)
2020-04-09 01:52:50 [http-nio-8085-exec-1] INFO  o.a.c.c.C.[Tomcat].[localhost].[/] - Initializing Spring FrameworkServlet 'dispatcherServlet'
2020-04-09 01:52:54 [http-nio-8085-exec-5] DEBUG c.n.c.ShortURLRestapiController - +++++++++++++ Create Short URL API has been triggered ++++++++++
2020-04-09 01:52:54 [http-nio-8085-exec-5] DEBUG c.n.c.ShortURLRestapiController - ********** Short URL Got created ************http://localhost:8085/s/JYQBQ
2020-04-09 01:52:55 [http-nio-8085-exec-6] DEBUG c.n.c.ShortURLRestapiController - ------------------- Returning all urls stored in the hashmap ----------
2020-04-09 01:53:02 [RMI TCP Connection(2)-127.0.0.1] INFO  o.s.b.a.SpringApplicationAdminMXBeanRegistrar$SpringApplicationAdmin - Application shutdown requested.
2020-04-09 01:53:02 [RMI TCP Connection(2)-127.0.0.1] INFO  o.s.b.w.s.c.AnnotationConfigServletWebServerApplicationContext - Closing org.springframework.boot.web.servlet.context.AnnotationConfigServletWebServerApplicationContext@4386f16: startup date [Thu Apr 09 01:52:39 IST 2020]; root of context hierarchy
2020-04-09 01:53:02 [RMI TCP Connection(2)-127.0.0.1] INFO  o.s.c.s.DefaultLifecycleProcessor - Stopping beans in phase 2147483647
2020-04-09 01:53:02 [RMI TCP Connection(2)-127.0.0.1] INFO  o.s.j.e.a.AnnotationMBeanExporter - Unregistering JMX-exposed beans on shutdown
